\BOOKMARK [0][-]{chapter.1}{\376\377\000I\000n\000t\000r\000o\000d\000u\000c\000e\000r\000e}{}% 1
\BOOKMARK [1][-]{section.1.1}{\376\377\000M\000o\000t\000i\000v\000a\002\033\000i\000e}{chapter.1}% 2
\BOOKMARK [1][-]{section.1.2}{\376\377\000O\000b\000i\000e\000c\000t\000i\000v\000e}{chapter.1}% 3
\BOOKMARK [1][-]{section.1.3}{\376\377\000S\000t\000r\000u\000c\000t\000u\000r\000a\000\040\000l\000u\000c\000r\001\003\000r\000i\000i}{chapter.1}% 4
\BOOKMARK [0][-]{chapter.2}{\376\377\000S\000o\000l\000u\002\033\000i\000i\000\040\000s\000i\000m\000i\000l\000a\000r\000e\000\040\000\356\000n\000\040\000d\000o\000m\000e\000n\000i\000u\000l\000\040\000s\000i\000s\000t\000e\000m\000e\000l\000o\000r\000\040\000d\000e\000\040\000r\000e\000c\000o\000m\000a\000n\000d\000a\000r\000e}{}% 5
\BOOKMARK [1][-]{section.2.1}{\376\377\000P\000l\000a\000t\000f\000o\000r\000m\000e\000\040\000d\000e\000\040\000v\000\342\000n\000z\001\003\000r\000i}{chapter.2}% 6
\BOOKMARK [1][-]{section.2.2}{\376\377\000R\000e\002\033\000e\000l\000e\000\040\000s\000o\000c\000i\000a\000l\000e}{chapter.2}% 7
\BOOKMARK [0][-]{chapter.3}{\376\377\000F\000u\000n\000d\000a\000m\000e\000n\000t\000e\000\040\000t\000e\000o\000r\000e\000t\000i\000c\000e\000\040\000\356\000n\000\040\000s\000i\000s\000t\000e\000m\000e\000\040\000d\000e\000\040\000r\000e\000c\000o\000m\000a\000n\000d\000a\000r\000e}{}% 8
\BOOKMARK [1][-]{section.3.1}{\376\377\000F\000i\000l\000t\000r\000a\000r\000e\000\040\000b\000a\000z\000a\000t\001\003\000\040\000p\000e\000\040\000c\000o\000n\002\033\000i\000n\000u\000t}{chapter.3}% 9
\BOOKMARK [2][-]{subsection.3.1.1}{\376\377\000P\000r\000i\000n\000c\000i\000p\000i\000u\000\040\000d\000e\000\040\000f\000u\000n\000c\002\033\000i\000o\000n\000a\000r\000e}{section.3.1}% 10
\BOOKMARK [1][-]{section.3.2}{\376\377\000F\000i\000l\000t\000r\000a\000r\000e\000\040\000c\000o\000l\000a\000b\000o\000r\000a\000t\000i\000v\001\003}{chapter.3}% 11
\BOOKMARK [1][-]{section.3.3}{\376\377\000P\000r\000o\000v\000o\000c\001\003\000r\000i\000\040\002\031\000i\000\040\000l\000i\000m\000i\000t\001\003\000r\000i\000\040\000a\000l\000e\000\040\000m\000e\000t\000o\000d\000e\000l\000o\000r\000\040\000d\000e\000\040\000r\000e\000c\000o\000m\000a\000n\000d\000a\000r\000e}{chapter.3}% 12
\BOOKMARK [2][-]{subsection.3.3.1}{\376\377\000P\000r\000o\000b\000l\000e\000m\000a\000\040\040\035\000C\000o\000l\000d\000\040\000s\000t\000a\000r\000t\040\035}{section.3.3}% 13
\BOOKMARK [2][-]{subsection.3.3.2}{\376\377\000S\000i\000n\000o\000n\000i\000m\000i\000e}{section.3.3}% 14
\BOOKMARK [2][-]{subsection.3.3.3}{\376\377\000C\000o\000n\000f\000i\000d\000e\000n\002\033\000i\000a\000l\000i\000t\000a\000t\000e\000\040\002\031\000i\000\040\000s\000e\000c\000u\000r\000i\000t\000a\000t\000e}{section.3.3}% 15
\BOOKMARK [0][-]{chapter.4}{\376\377\000A\000p\000l\000i\000c\000a\002\033\000i\000e\000\040\000s\000o\000f\000t\000w\000a\000r\000e}{}% 16
\BOOKMARK [1][-]{section.4.1}{\376\377\000A\000r\000h\000i\000t\000e\000c\000t\000u\000r\000a\000\040\000a\000p\000l\000i\000c\000a\002\033\000i\000e\000i}{chapter.4}% 17
\BOOKMARK [2][-]{subsection.4.1.1}{\376\377\000F\000r\000o\000n\000t\000e\000n\000d}{section.4.1}% 18
\BOOKMARK [2][-]{subsection.4.1.2}{\376\377\000B\000a\000c\000k\000e\000n\000d}{section.4.1}% 19
\BOOKMARK [2][-]{subsection.4.1.3}{\376\377\000S\000i\000s\000t\000e\000m\000u\000l\000\040\000d\000e\000\040\000r\000e\000c\000o\000m\000a\000n\000d\000a\000r\000e}{section.4.1}% 20
\BOOKMARK [1][-]{section.4.2}{\376\377\000F\000u\000n\000c\002\033\000i\000o\000n\000a\000l\000i\000t\001\003\002\033\000i}{chapter.4}% 21
\BOOKMARK [2][-]{subsection.4.2.1}{\376\377\000\316\000n\000r\000e\000g\000i\000s\000t\000a\000r\000e\000a\000\040\000u\000t\000i\000l\000i\000z\000a\000t\000o\000r\000u\000l\000u\000i}{section.4.2}% 22
\BOOKMARK [2][-]{subsection.4.2.2}{\376\377\000A\000u\000t\000e\000n\000t\000i\000f\000i\000c\000a\000r\000e\000a\000\040\000u\000t\000i\000l\000i\000z\000a\000t\000o\000r\000u\000l}{section.4.2}% 23
\BOOKMARK [2][-]{subsection.4.2.3}{\376\377\000A\000l\000e\000g\000e\000r\000e\000a\000\040\000h\000o\000b\000b\000y\000-\000u\000r\000i\000l\000o\000r}{section.4.2}% 24
\BOOKMARK [1][-]{section.4.3}{\376\377\000T\000e\000s\000t\000a\000r\000e}{chapter.4}% 25
\BOOKMARK [1][-]{section.4.4}{\376\377\000M\000a\000n\000u\000a\000l\000\040\000d\000e\000\040\000u\000t\000i\000l\000i\000z\000a\000r\000e}{chapter.4}% 26
\BOOKMARK [0][-]{chapter.5}{\376\377\000C\000o\000n\000c\000l\000u\000z\000i\000i}{}% 27
\BOOKMARK [0][-]{chapter*.10}{\376\377\000B\000i\000b\000l\000i\000o\000g\000r\000a\000f\000i\000e}{}% 28
